======================================================================
  TARGETED WALK-FORWARD: AWAY DOG + BIG SPREAD STRATEGIES
======================================================================

  --- 2019: train on 2015-2018 ---
  Date filter (12-01): 23909 → 19150 rows (4759 dropped)
  Date filter (12-01): 6066 → 4722 rows (1344 dropped)
    4711 games, 4498 with book, ep@36 [17s]

  --- 2020: train on 2015-2019 ---
  Date filter (12-01): 29975 → 23872 rows (6103 dropped)
  Date filter (12-01): 5856 → 4455 rows (1401 dropped)
    4367 games, 4193 with book, ep@22 [25s]

  --- 2021: train on 2015-2020 ---
  Date filter (12-01): 35831 → 28327 rows (7504 dropped)
  Date filter (12-01): 5282 → 4919 rows (363 dropped)
    3998 games, 3700 with book, ep@51 [21s]

  --- 2022: train on 2015-2021 ---
  Date filter (12-01): 41113 → 33246 rows (7867 dropped)
  Date filter (12-01): 6387 → 5079 rows (1308 dropped)
    4676 games, 4414 with book, ep@19 [28s]

  --- 2023: train on 2015-2022 ---
  Date filter (12-01): 47500 → 38325 rows (9175 dropped)
  Date filter (12-01): 6261 → 4834 rows (1427 dropped)
    4807 games, 4605 with book, ep@22 [31s]

  --- 2024: train on 2015-2023 ---
  Date filter (12-01): 53761 → 43159 rows (10602 dropped)
  Date filter (12-01): 6249 → 4856 rows (1393 dropped)
    4851 games, 4289 with book, ep@38 [40s]

  --- 2025: train on 2015-2024 ---
  Date filter (12-01): 60010 → 48015 rows (11995 dropped)
  Date filter (12-01): 6299 → 4786 rows (1513 dropped)
    4782 games, 4225 with book, ep@20 [34s]

======================================================================
  RESULTS
======================================================================

  ── S1: edge>=10% away |bk|>10 ──
    Year   Bets    W    Win%      ROI    Units
  ------ ------ ---- ------- -------- --------
    2019    214  108   50.5%    -3.7%     -7.8
    2020     60   30   50.0%    -4.5%     -2.7
    2021    167   83   49.7%    -5.1%     -8.5
    2022    322  185   57.5%    +9.7%    +31.2
    2023    240  140   58.3%   +11.4%    +27.3
    2024    241  121   50.2%    -4.1%    -10.0
    2025    262  135   51.5%    -1.6%     -4.3
  POOLED   1506  802   53.3%    +1.7%    +25.1
  Positive years: 2/7

  ── S2: edge>=7% |bk|>15 ──
    Year   Bets    W    Win%      ROI    Units
  ------ ------ ---- ------- -------- --------
    2019    216  105   48.6%    -7.2%    -15.5
    2020    149   77   51.7%    -1.3%     -2.0
    2021    220  106   48.2%    -8.0%    -17.6
    2022    244  131   53.7%    +2.5%     +6.1
    2023    212  121   57.1%    +9.0%    +19.0
    2024    219  108   49.3%    -5.9%    -12.8
    2025    242  112   46.3%   -11.6%    -28.2
  POOLED   1502  760   50.6%    -3.4%    -51.1
  Positive years: 2/7

  ── S3: edge>=10% |bk|>10 ──
    Year   Bets    W    Win%      ROI    Units
  ------ ------ ---- ------- -------- --------
    2019    351  179   51.0%    -2.6%     -9.3
    2020    290  146   50.3%    -3.9%    -11.3
    2021    427  210   49.2%    -6.1%    -26.1
    2022    487  272   55.9%    +6.6%    +32.3
    2023    384  218   56.8%    +8.4%    +32.2
    2024    344  178   51.7%    -1.2%     -4.2
    2025    372  187   50.3%    -4.0%    -15.0
  POOLED   2655 1390   52.4%    -0.1%     -1.4
  Positive years: 2/7

  ── S4: edge>=12% away |bk|>10 ──
    Year   Bets    W    Win%      ROI    Units
  ------ ------ ---- ------- -------- --------
    2019    173   88   50.9%    -2.9%     -5.0
    2020     51   23   45.1%   -13.9%     -7.1
    2021    153   78   51.0%    -2.7%     -4.1
    2022    271  151   55.7%    +6.4%    +17.3
    2023    194  110   56.7%    +8.2%    +16.0
    2024    189   93   49.2%    -6.1%    -11.5
    2025    201  101   50.2%    -4.1%     -8.2
  POOLED   1232  644   52.3%    -0.2%     -2.5
  Positive years: 2/7

  ── S5: edge>=10% away |bk|>15 ──
    Year   Bets    W    Win%      ROI    Units
  ------ ------ ---- ------- -------- --------
    2019    119   61   51.3%    -2.1%     -2.5
    2020     41   20   48.8%    -6.9%     -2.8
    2021     96   46   47.9%    -8.5%     -8.2
    2022    168   93   55.4%    +5.7%     +9.5
    2023    141   82   58.2%   +11.0%    +15.5
    2024    136   65   47.8%    -8.8%    -11.9
    2025    158   74   46.8%   -10.6%    -16.7
  POOLED    859  441   51.3%    -2.0%    -17.1
  Positive years: 2/7

  ── S6: edge>=12% |bk|>15 ──
    Year   Bets    W    Win%      ROI    Units
  ------ ------ ---- ------- -------- --------
    2019    127   66   52.0%    -0.8%     -1.0
    2020     80   36   45.0%   -14.1%    -11.3
    2021    160   79   49.4%    -5.7%     -9.2
    2022    186  105   56.5%    +7.8%    +14.5
    2023    147   86   58.5%   +11.7%    +17.2
    2024    138   64   46.4%   -11.5%    -15.8
    2025    155   71   45.8%   -12.6%    -19.5
  POOLED    993  507   51.1%    -2.5%    -25.1
  Positive years: 2/7

  ── S7: edge>=10% away dog ──
    Year   Bets    W    Win%      ROI    Units
  ------ ------ ---- ------- -------- --------
    2019    562  291   51.8%    -1.1%     -6.5
    2020    123   62   50.4%    -3.8%     -4.6
    2021    439  217   49.4%    -5.6%    -24.7
    2022    690  396   57.4%    +9.6%    +66.0
    2023    542  292   53.9%    +2.9%    +15.5
    2024    570  293   51.4%    -1.9%    -10.6
    2025    475  243   51.2%    -2.3%    -11.1
  POOLED   3401 1794   52.7%    +0.7%    +23.9
  Positive years: 2/7

  ── S8: edge>=12% unfiltered ──
    Year   Bets    W    Win%      ROI    Units
  ------ ------ ---- ------- -------- --------
    2019    876  460   52.5%    +0.2%     +2.2
    2020   1445  705   48.8%    -6.9%    -99.1
    2021   1329  657   49.4%    -5.6%    -74.7
    2022   1068  578   54.1%    +3.3%    +35.5
    2023    984  519   52.7%    +0.7%     +6.8
    2024    849  441   51.9%    -0.8%     -7.1
    2025    740  383   51.8%    -1.2%     -8.8
  POOLED   7291 3743   51.3%    -2.0%   -145.3
  Positive years: 3/7

======================================================================
  SUMMARY: WHICH STRATEGY QUALIFIES?
  Criteria: positive in 5/7 years AND pooled ROI > 3%
======================================================================

                             Strategy  Pooled ROI  Pooled Bets  Pos Yrs  PASS?
  ----------------------------------- ----------- ------------ -------- ------
           S1: edge>=10% away |bk|>10       +1.7%         1506 2/    7     no
                 S2: edge>=7% |bk|>15       -3.4%         1502 2/    7     no
                S3: edge>=10% |bk|>10       -0.1%         2655 2/    7     no
           S4: edge>=12% away |bk|>10       -0.2%         1232 2/    7     no
           S5: edge>=10% away |bk|>15       -2.0%          859 2/    7     no
                S6: edge>=12% |bk|>15       -2.5%          993 2/    7     no
               S7: edge>=10% away dog       +0.7%         3401 2/    7     no
             S8: edge>=12% unfiltered       -2.0%         7291 3/    7     no

  NO STRATEGIES QUALIFY.
  None met both criteria (5/7 positive years AND pooled ROI > 3%).
  Saved negative result to /home/ubuntu/hoops-edge-predictor/artifacts/betting_strategy.json
